 aboveground plant biomass from the Carbon                                                                                                                                                                                        |     1
 biomass carbon                                                                                                                                                                                                                   |     1
 carbon                                                                                                                                                                                                                           |    33
 Carbon                                                                                                                                                                                                                           |     1
 carbon aquatic                                                                                                                                                                                                                   |     1
 carbon balance                                                                                                                                                                                                                   |     1
 "carbon biomass"                                                                                                                                                                                                                 |     1
 carbon biomass                                                                                                                                                                                                                   |     1
 carbon dioxide                                                                                                                                                                                                                   |    14
 carbon efflux                                                                                                                                                                                                                    |     1
 carbon fixation                                                                                                                                                                                                                  |     1
 carbon nitrogen                                                                                                                                                                                                                  |     1
 carbon nitrogen ballance                                                                                                                                                                                                         |     1
 carbon respiration flux                                                                                                                                                                                                          |     1
 carbon sequestration                                                                                                                                                                                                             |     2
 carbon sequestration climate change                                                                                                                                                                                              |     1
 carbon sequestration, climate change                                                                                                                                                                                             |     2
 Chemical Limnology of Primary Study Lakes Nutrients, pH and Carbon                                                                                                                                                               |     1
 dissolved inorganic carbon                                                                                                                                                                                                       |     1
 dissolved organic carbon                                                                                                                                                                                                         |     4
 Dissolved Organic Carbon                                                                                                                                                                                                         |     1
 ecosystem carbon balance                                                                                                                                                                                                         |     1
 forest succession, carbon, climate                                                                                                                                                                                               |     1
 Leaf Carbon                                                                                                                                                                                                                      |     1
 leaf carbon nitrogen                                                                                                                                                                                                             |     1
 methane and carbon dioxide                                                                                                                                                                                                       |     1
 nitrogen, carbon                                                                                                                                                                                                                 |     1
 organic carbon                                                                                                                                                                                                                   |     2
 percent carbon                                                                                                                                                                                                                   |     1
 Sawgrass Above and Below Ground Total Nitrogen and Total Carbon from the Taylor Slough, Everglades National Park (FCE), South Florida for March 2002 to Present                                                                  |     1
 soil carbon                                                                                                                                                                                                                      |     8
 soil carbon wheat                                                                                                                                                                                                                |     1
 soil mercury carbon                                                                                                                                                                                                              |     1
 wetlands carbon                                                                                                                                                                                                                  |     1
 carbon efflux                                                                                                                                                                                                                    |     1
 carbon respiration flux                                                                                                                                                                                                          |     1
 co2 fluxes                                                                                                                                                                                                                       |     1
 flux                                                                                                                                                                                                                             |     6
 flux data                                                                                                                                                                                                                        |     1
 flux tower                                                                                                                                                                                                                       |     3
 gas flux                                                                                                                                                                                                                         |     5
 methane flux                                                                                                                                                                                                                     |     1
 water flux                                                                                                                                                                                                                       |     1
